c:\users\현\documents\directx11\directx11_tutorialproject\x64\debug\vc143.pdb
c:\users\현\documents\directx11\directx11_tutorialproject\x64\debug\vc143.idb
c:\users\현\documents\directx11\directx11_tutorialproject\x64\debug\main.obj
c:\users\현\documents\directx11\directx11_tutorialproject\x64\debug\inputclass.obj
c:\users\현\documents\directx11\directx11_tutorialproject\x64\debug\graphicsclass.obj
c:\users\현\documents\directx11\directx11_tutorialproject\x64\debug\systemclass.obj
c:\users\현\documents\directx11\directx11_tutorialproject\x64\debug\d3dclass.obj
c:\users\현\documents\directx11\x64\debug\d3dcompiler_43.dll
c:\users\현\documents\directx11\x64\debug\d3dx9d_43.dll
c:\users\현\documents\directx11\x64\debug\d3dx10d_43.dll
c:\users\현\documents\directx11\x64\debug\d3dx11d_43.dll
c:\users\현\documents\directx11\x64\debug\directx11_tutorialproject.exe
c:\users\현\documents\directx11\x64\debug\directx11_tutorialproject.pdb
c:\users\현\documents\directx11\directx11_tutorialproject\x64\debug\directx11_tutorialproject.ilk
c:\users\현\documents\directx11\directx11_tutorialproject\x64\debug\directx1.bd1fd998.tlog\cl.command.1.tlog
c:\users\현\documents\directx11\directx11_tutorialproject\x64\debug\directx1.bd1fd998.tlog\cl.items.tlog
c:\users\현\documents\directx11\directx11_tutorialproject\x64\debug\directx1.bd1fd998.tlog\cl.read.1.tlog
c:\users\현\documents\directx11\directx11_tutorialproject\x64\debug\directx1.bd1fd998.tlog\cl.write.1.tlog
c:\users\현\documents\directx11\directx11_tutorialproject\x64\debug\directx1.bd1fd998.tlog\copylocal.read.1u.tlog
c:\users\현\documents\directx11\directx11_tutorialproject\x64\debug\directx1.bd1fd998.tlog\copylocal.write.1u.tlog
c:\users\현\documents\directx11\directx11_tutorialproject\x64\debug\directx1.bd1fd998.tlog\link.command.1.tlog
c:\users\현\documents\directx11\directx11_tutorialproject\x64\debug\directx1.bd1fd998.tlog\link.read.1.tlog
c:\users\현\documents\directx11\directx11_tutorialproject\x64\debug\directx1.bd1fd998.tlog\link.secondary.1.tlog
c:\users\현\documents\directx11\directx11_tutorialproject\x64\debug\directx1.bd1fd998.tlog\link.write.1.tlog
